# JRE version: OpenJDK Runtime Environment Microsoft-7208460 (11.0.18+10) (build 11.0.18+10-LTS)
# Java VM: OpenJDK 64-Bit Server VM Microsoft-7208460 (11.0.18+10-LTS, mixed mode, tiered, compressed oops, g1 gc, windows-amd64)
Heap:
 garbage-first heap   total 378880K, used 335972K [0x0000000080000000, 0x0000000100000000)
  region size 1024K, 13 young (13312K), 3 survivors (3072K)
 Metaspace       used 132499K, capacity 138308K, committed 138460K, reserved 636928K
  class space    used 16954K, capacity 19111K, committed 19200K, reserved 516096K
GC Heap History (20 events):
Event: 1193.446 GC heap before
{Heap before GC invocations=97 (full 0):
 garbage-first heap   total 378880K, used 326538K [0x0000000080000000, 0x0000000100000000)
  region size 1024K, 47 young (48128K), 5 survivors (5120K)
 Metaspace       used 131789K, capacity 137602K, committed 137948K, reserved 636928K
  class space    used 16937K, capacity 19086K, committed 19200K, reserved 516096K
}
Event: 1193.454 GC heap after
{Heap after GC invocations=98 (full 0):
 garbage-first heap   total 378880K, used 287440K [0x0000000080000000, 0x0000000100000000)
  region size 1024K, 5 young (5120K), 5 survivors (5120K)
 Metaspace       used 131789K, capacity 137602K, committed 137948K, reserved 636928K
  class space    used 16937K, capacity 19086K, committed 19200K, reserved 516096K
}
Event: 1907.297 GC heap before
{Heap before GC invocations=98 (full 0):
 garbage-first heap   total 378880K, used 329424K [0x0000000080000000, 0x0000000100000000)
  region size 1024K, 46 young (47104K), 5 survivors (5120K)
 Metaspace       used 131947K, capacity 137756K, committed 137948K, reserved 636928K
  class space    used 16942K, capacity 19092K, committed 19200K, reserved 516096K
}
Event: 1907.305 GC heap after
{Heap after GC invocations=99 (full 0):
 garbage-first heap   total 378880K, used 285724K [0x0000000080000000, 0x0000000100000000)
  region size 1024K, 2 young (2048K), 2 survivors (2048K)
 Metaspace       used 131947K, capacity 137756K, committed 137948K, reserved 636928K
  class space    used 16942K, capacity 19092K, committed 19200K, reserved 516096K
}
Event: 1913.478 GC heap before
{Heap before GC invocations=99 (full 0):
 garbage-first heap   total 378880K, used 328732K [0x0000000080000000, 0x0000000100000000)
  region size 1024K, 45 young (46080K), 2 survivors (2048K)
 Metaspace       used 132056K, capacity 137821K, committed 137948K, reserved 636928K
  class space    used 16942K, capacity 19092K, committed 19200K, reserved 516096K
}
Event: 1913.486 GC heap after
{Heap after GC invocations=100 (full 0):
 garbage-first heap   total 378880K, used 288964K [0x0000000080000000, 0x0000000100000000)
  region size 1024K, 5 young (5120K), 5 survivors (5120K)
 Metaspace       used 132056K, capacity 137821K, committed 137948K, reserved 636928K
  class space    used 16942K, capacity 19092K, committed 19200K, reserved 516096K
}
Event: 1918.336 GC heap before
{Heap before GC invocations=100 (full 0):
 garbage-first heap   total 378880K, used 330948K [0x0000000080000000, 0x0000000100000000)
  region size 1024K, 46 young (47104K), 5 survivors (5120K)
 Metaspace       used 132133K, capacity 137959K, committed 138204K, reserved 636928K
  class space    used 16943K, capacity 19094K, committed 19200K, reserved 516096K
}
Event: 1918.352 GC heap after
{Heap after GC invocations=101 (full 0):
 garbage-first heap   total 378880K, used 298848K [0x0000000080000000, 0x0000000100000000)
  region size 1024K, 6 young (6144K), 6 survivors (6144K)
 Metaspace       used 132133K, capacity 137959K, committed 138204K, reserved 636928K
  class space    used 16943K, capacity 19094K, committed 19200K, reserved 516096K
}
Event: 1918.568 GC heap before
{Heap before GC invocations=101 (full 0):
 garbage-first heap   total 378880K, used 327520K [0x0000000080000000, 0x0000000100000000)
  region size 1024K, 35 young (35840K), 6 survivors (6144K)
 Metaspace       used 132205K, capacity 138044K, committed 138204K, reserved 636928K
  class space    used 16946K, capacity 19098K, committed 19200K, reserved 516096K
}
Event: 1918.584 GC heap after
{Heap after GC invocations=102 (full 0):
 garbage-first heap   total 378880K, used 305152K [0x0000000080000000, 0x0000000100000000)
  region size 1024K, 5 young (5120K), 5 survivors (5120K)
 Metaspace       used 132205K, capacity 138044K, committed 138204K, reserved 636928K
  class space    used 16946K, capacity 19098K, committed 19200K, reserved 516096K
}
Event: 1918.758 GC heap before
{Heap before GC invocations=102 (full 0):
 garbage-first heap   total 378880K, used 327680K [0x0000000080000000, 0x0000000100000000)
  region size 1024K, 28 young (28672K), 5 survivors (5120K)
 Metaspace       used 132279K, capacity 138132K, committed 138460K, reserved 636928K
  class space    used 16949K, capacity 19103K, committed 19200K, reserved 516096K
}
Event: 1918.770 GC heap after
{Heap after GC invocations=103 (full 0):
 garbage-first heap   total 378880K, used 310272K [0x0000000080000000, 0x0000000100000000)
  region size 1024K, 4 young (4096K), 4 survivors (4096K)
 Metaspace       used 132279K, capacity 138132K, committed 138460K, reserved 636928K
  class space    used 16949K, capacity 19103K, committed 19200K, reserved 516096K
}
Event: 1919.011 GC heap before
{Heap before GC invocations=103 (full 0):
 garbage-first heap   total 378880K, used 329728K [0x0000000080000000, 0x0000000100000000)
  region size 1024K, 23 young (23552K), 4 survivors (4096K)
 Metaspace       used 132340K, capacity 138203K, committed 138460K, reserved 636928K
  class space    used 16949K, capacity 19104K, committed 19200K, reserved 516096K
}
Event: 1919.022 GC heap after
{Heap after GC invocations=104 (full 0):
 garbage-first heap   total 378880K, used 313400K [0x0000000080000000, 0x0000000100000000)
  region size 1024K, 3 young (3072K), 3 survivors (3072K)
 Metaspace       used 132340K, capacity 138203K, committed 138460K, reserved 636928K
  class space    used 16949K, capacity 19104K, committed 19200K, reserved 516096K
}
Event: 1919.147 GC heap before
{Heap before GC invocations=104 (full 0):
 garbage-first heap   total 378880K, used 330808K [0x0000000080000000, 0x0000000100000000)
  region size 1024K, 20 young (20480K), 3 survivors (3072K)
 Metaspace       used 132370K, capacity 138206K, committed 138460K, reserved 636928K
  class space    used 16950K, capacity 19105K, committed 19200K, reserved 516096K
}
Event: 1919.154 GC heap after
{Heap after GC invocations=105 (full 0):
 garbage-first heap   total 378880K, used 316627K [0x0000000080000000, 0x0000000100000000)
  region size 1024K, 3 young (3072K), 3 survivors (3072K)
 Metaspace       used 132370K, capacity 138206K, committed 138460K, reserved 636928K
  class space    used 16950K, capacity 19105K, committed 19200K, reserved 516096K
}
Event: 1919.271 GC heap before
{Heap before GC invocations=105 (full 0):
 garbage-first heap   total 378880K, used 331987K [0x0000000080000000, 0x0000000100000000)
  region size 1024K, 18 young (18432K), 3 survivors (3072K)
 Metaspace       used 132414K, capacity 138215K, committed 138460K, reserved 636928K
  class space    used 16951K, capacity 19107K, committed 19200K, reserved 516096K
}
Event: 1919.279 GC heap after
{Heap after GC invocations=106 (full 0):
 garbage-first heap   total 378880K, used 321427K [0x0000000080000000, 0x0000000100000000)
  region size 1024K, 3 young (3072K), 3 survivors (3072K)
 Metaspace       used 132414K, capacity 138215K, committed 138460K, reserved 636928K
  class space    used 16951K, capacity 19107K, committed 19200K, reserved 516096K
}
Event: 1919.427 GC heap before
{Heap before GC invocations=106 (full 0):
 garbage-first heap   total 378880K, used 336787K [0x0000000080000000, 0x0000000100000000)
  region size 1024K, 18 young (18432K), 3 survivors (3072K)
 Metaspace       used 132469K, capacity 138299K, committed 138460K, reserved 636928K
  class space    used 16953K, capacity 19110K, committed 19200K, reserved 516096K
}
Event: 1919.439 GC heap after
{Heap after GC invocations=107 (full 0):
 garbage-first heap   total 378880K, used 326756K [0x0000000080000000, 0x0000000100000000)
  region size 1024K, 3 young (3072K), 3 survivors (3072K)
 Metaspace       used 132469K, capacity 138299K, committed 138460K, reserved 636928K
  class space    used 16953K, capacity 19110K, committed 19200K, reserved 516096K
}

